eltex-v8@eltex-2026-summer:~$ ls
ls           lsb_release  lsinitramfs  lslocks      lsmod        lspci
lsattr       lscpu        lsipc        lslogins     lsns         lsusb
lsblk        lsfd         lsirq        lsmem        lsof
eltex-v8@eltex-2026-summer:~$ echo $HIST
$HISTCMD       $HISTCONTROL   $HISTFILE      $HISTFILESIZE  $HISTSIZE
eltex-v8@eltex-2026-summer:~$ echo $HISTFILESIZE
2000
eltex-v8@eltex-2026-summer:~$ ls -d ~/.*
/home/eltex-v8/.bash_history  /home/eltex-v8/.bashrc  /home/eltex-v8/.profile
/home/eltex-v8/.bash_logout   /home/eltex-v8/.config  /home/eltex-v8/.viminfo
eltex-v8@eltex-2026-summer:~$ ls -a ~ | grep '^\.'
.
..
.bash_history
.bash_logout
.bashrc
.config
.profile
.viminfo
eltex-v8@eltex-2026-summer:~$ export HISTTIMEFORMAT="%F %T "
eltex-v8@eltex-2026-summer:~$ history
    1  2026-07-06 13:09:09 pwd
    2  2026-07-06 13:09:09 ls -a
    3  2026-07-06 13:09:09 cd /
    4  2026-07-06 13:09:09 ls
    5  2026-07-06 13:09:09 cd home
    6  2026-07-06 13:09:09 ls
    7  2026-07-06 13:09:09 cd eltex v8
    8  2026-07-06 13:09:09 cd eltex-v8
    9  2026-07-06 13:09:09 w
   10  2026-07-06 13:09:09 D
   11  2026-07-06 13:09:09 screen -dmS top top
   12  2026-07-06 13:09:09 screen -ls
   13  2026-07-06 13:09:09 screen -r top
   14  2026-07-06 13:09:09 watch /usr/bin/vmstat
   15  2026-07-06 13:09:09 "
   16  2026-07-06 13:09:09 echo $STY
   17  2026-07-06 13:09:09 screen -r
   18  2026-07-06 13:09:09 screen -ls
   19  2026-07-06 13:09:09 screen -dmS top top
   20  2026-07-06 13:09:09 screen -ls
   21  2026-07-06 13:09:09 screen -r top
   22  2026-07-06 13:09:09 screen -ls
   23  2026-07-06 13:09:09 logout
   24  2026-07-06 13:09:09 exit
   25  2026-07-06 13:09:09 screen -S report vi report_part1.txt
   26  2026-07-06 13:09:09 screen -l
   27  2026-07-06 13:09:09 exit
   28  2026-07-06 13:09:09 watch /usr/bin/vmstat
   29  2026-07-06 13:09:09 screen -ls
   30  2026-07-06 13:09:09 screen -r report
   31  2026-07-06 13:09:09 screen -ls
   32  2026-07-06 13:09:09 screen -X -S top quit
   33  2026-07-06 13:09:09 screen -ls
   34  2026-07-06 13:10:55 echo $HISTFILESIZE
   35  2026-07-06 13:11:37 ls -d ~/.*
   36  2026-07-06 13:12:06 ls -a ~ | grep '^\.'
   37  2026-07-06 13:12:29 export HISTTIMEFORMAT="%F %T "
   38  2026-07-06 13:12:35 history
eltex-v8@eltex-2026-summer:~$ screen -X -S top
